[debug] ----------------------------------------------------------------------
[debug] Command:      node /usr/local/bin/firebase serve
[debug] CLI Version:  3.0.2
[debug] Platform:     darwin
[debug] Node Version: v0.10.33
[debug] Time:         Thu Jun 09 2016 17:09:16 GMT+1000 (AEST)
[debug] ----------------------------------------------------------------------
[debug] 
[info] Starting Firebase development server...
[info] 
[info] Project Directory: /Users/lochlantangas/Desktop/websites/tagorila
[info] Public Directory: app
[info] 
[info] Server listening at: http://localhost:5000
[debug] ----------------------------------------------------------------------
[debug] Command:      node /usr/local/bin/firebase serve
[debug] CLI Version:  3.0.2
[debug] Platform:     darwin
[debug] Node Version: v0.10.33
[debug] Time:         Thu Jun 09 2016 17:26:09 GMT+1000 (AEST)
[debug] ----------------------------------------------------------------------
[debug] 
[info] Starting Firebase development server...
[info] 
[info] Project Directory: /Users/lochlantangas/Desktop/websites/tagorila
[warn] ⚠  Port 5000 is not available. Trying another port...
[warn] ⚠  Port 5001 is not available. Trying another port...
[info] Public Directory: app
[info] 
[info] Server listening at: http://localhost:5002
